<?xml version="1.0" encoding="UTF-8"?>
<coverage generated="1654089365509" clover="3.2.0">
  <project timestamp="1654089365509" name="All files">
    <metrics statements="128" coveredstatements="114" conditionals="54" coveredconditionals="40" methods="25" coveredmethods="22" elements="207" coveredelements="176" complexity="0" loc="128" ncloc="128" packages="1" files="3" classes="3"/>
    <file name="fileIO.js" path="/Users/apple/project/git/web/Origin/vue-cli-plugin-ruoyi/ui/fileIO.js">
      <metrics statements="50" coveredstatements="43" conditionals="18" coveredconditionals="11" methods="12" coveredmethods="11"/>
      <line num="1" count="2" type="stmt"/>
      <line num="3" count="2" type="stmt"/>
      <line num="4" count="1" type="stmt"/>
      <line num="5" count="1" type="stmt"/>
      <line num="15" count="1" type="stmt"/>
      <line num="17" count="0" type="stmt"/>
      <line num="24" count="0" type="cond" truecount="0" falsecount="2"/>
      <line num="25" count="0" type="stmt"/>
      <line num="32" count="0" type="cond" truecount="0" falsecount="2"/>
      <line num="33" count="0" type="stmt"/>
      <line num="42" count="0" type="stmt"/>
      <line num="44" count="0" type="stmt"/>
      <line num="48" count="1" type="stmt"/>
      <line num="49" count="1" type="stmt"/>
      <line num="84" count="1" type="stmt"/>
      <line num="89" count="3" type="stmt"/>
      <line num="91" count="1" type="stmt"/>
      <line num="93" count="3" type="stmt"/>
      <line num="94" count="3" type="stmt"/>
      <line num="95" count="3" type="stmt"/>
      <line num="97" count="47" type="stmt"/>
      <line num="99" count="31" type="stmt"/>
      <line num="100" count="31" type="cond" truecount="2" falsecount="0"/>
      <line num="101" count="15" type="cond" truecount="1" falsecount="1"/>
      <line num="102" count="15" type="stmt"/>
      <line num="104" count="16" type="stmt"/>
      <line num="105" count="16" type="cond" truecount="1" falsecount="1"/>
      <line num="106" count="16" type="stmt"/>
      <line num="111" count="16" type="stmt"/>
      <line num="114" count="3" type="stmt"/>
      <line num="117" count="1" type="stmt"/>
      <line num="123" count="3" type="cond" truecount="2" falsecount="0"/>
      <line num="124" count="2" type="cond" truecount="2" falsecount="0"/>
      <line num="125" count="1" type="cond" truecount="1" falsecount="1"/>
      <line num="126" count="16" type="stmt"/>
      <line num="136" count="1" type="stmt"/>
      <line num="154" count="2" type="stmt"/>
      <line num="155" count="1" type="stmt"/>
      <line num="156" count="1" type="stmt"/>
      <line num="157" count="20" type="cond" truecount="2" falsecount="0"/>
      <line num="158" count="4" type="stmt"/>
      <line num="160" count="20" type="stmt"/>
      <line num="162" count="1" type="stmt"/>
      <line num="167" count="3" type="stmt"/>
      <line num="168" count="3" type="stmt"/>
      <line num="169" count="16" type="stmt"/>
      <line num="170" count="16" type="stmt"/>
      <line num="172" count="3" type="stmt"/>
      <line num="175" count="1" type="stmt"/>
      <line num="176" count="1" type="stmt"/>
    </file>
    <file name="index.js" path="/Users/apple/project/git/web/Origin/vue-cli-plugin-ruoyi/ui/index.js">
      <metrics statements="9" coveredstatements="9" conditionals="0" coveredconditionals="0" methods="1" coveredmethods="1"/>
      <line num="1" count="1" type="stmt"/>
      <line num="2" count="1" type="stmt"/>
      <line num="3" count="1" type="stmt"/>
      <line num="5" count="1" type="stmt"/>
      <line num="6" count="1" type="stmt"/>
      <line num="8" count="1" type="stmt"/>
      <line num="10" count="1" type="stmt"/>
      <line num="29" count="1" type="stmt"/>
      <line num="34" count="1" type="stmt"/>
    </file>
    <file name="parseAST.js" path="/Users/apple/project/git/web/Origin/vue-cli-plugin-ruoyi/ui/parseAST.js">
      <metrics statements="69" coveredstatements="62" conditionals="36" coveredconditionals="29" methods="12" coveredmethods="10"/>
      <line num="1" count="1" type="stmt"/>
      <line num="2" count="1" type="stmt"/>
      <line num="9" count="105" type="cond" truecount="1" falsecount="1"/>
      <line num="10" count="105" type="stmt"/>
      <line num="15" count="108" type="stmt"/>
      <line num="16" count="108" type="stmt"/>
      <line num="17" count="108" type="stmt"/>
      <line num="18" count="272" type="stmt"/>
      <line num="19" count="272" type="stmt"/>
      <line num="20" count="272" type="cond" truecount="2" falsecount="0"/>
      <line num="22" count="179" type="stmt"/>
      <line num="23" count="93" type="cond" truecount="2" falsecount="0"/>
      <line num="25" count="3" type="stmt"/>
      <line num="26" count="90" type="cond" truecount="2" falsecount="0"/>
      <line num="28" count="55" type="stmt"/>
      <line num="29" count="35" type="cond" truecount="1" falsecount="1"/>
      <line num="30" count="0" type="stmt"/>
      <line num="31" count="0" type="stmt"/>
      <line num="32" count="0" type="stmt"/>
      <line num="33" count="0" type="stmt"/>
      <line num="35" count="0" type="cond" truecount="0" falsecount="2"/>
      <line num="36" count="0" type="cond" truecount="0" falsecount="2"/>
      <line num="38" count="35" type="cond" truecount="1" falsecount="1"/>
      <line num="39" count="35" type="stmt"/>
      <line num="42" count="108" type="stmt"/>
      <line num="46" count="105" type="stmt"/>
      <line num="48" count="105" type="cond" truecount="2" falsecount="0"/>
      <line num="49" count="104" type="stmt"/>
      <line num="50" count="104" type="stmt"/>
      <line num="52" count="105" type="cond" truecount="2" falsecount="0"/>
      <line num="53" count="1" type="stmt"/>
      <line num="54" count="1" type="stmt"/>
      <line num="57" count="105" type="stmt"/>
      <line num="58" count="105" type="stmt"/>
      <line num="59" count="105" type="stmt"/>
      <line num="60" count="105" type="stmt"/>
      <line num="61" count="452" type="cond" truecount="2" falsecount="0"/>
      <line num="62" count="105" type="stmt"/>
      <line num="63" count="105" type="stmt"/>
      <line num="64" count="105" type="stmt"/>
      <line num="67" count="105" type="stmt"/>
      <line num="68" count="112" type="cond" truecount="2" falsecount="0"/>
      <line num="69" count="105" type="stmt"/>
      <line num="73" count="105" type="stmt"/>
      <line num="74" count="315" type="cond" truecount="4" falsecount="0"/>
      <line num="75" count="55" type="stmt"/>
      <line num="78" count="105" type="stmt"/>
      <line num="80" count="0" type="stmt"/>
      <line num="85" count="5" type="stmt"/>
      <line num="86" count="5" type="stmt"/>
      <line num="87" count="23" type="stmt"/>
      <line num="88" count="23" type="stmt"/>
      <line num="89" count="23" type="cond" truecount="2" falsecount="0"/>
      <line num="90" count="4" type="stmt"/>
      <line num="92" count="19" type="stmt"/>
      <line num="93" count="19" type="stmt"/>
      <line num="94" count="19" type="stmt"/>
      <line num="95" count="19" type="stmt"/>
      <line num="101" count="19" type="stmt"/>
      <line num="102" count="19" type="stmt"/>
      <line num="103" count="125" type="cond" truecount="2" falsecount="0"/>
      <line num="104" count="105" type="stmt"/>
      <line num="116" count="105" type="cond" truecount="2" falsecount="0"/>
      <line num="117" count="104" type="stmt"/>
      <line num="119" count="105" type="cond" truecount="2" falsecount="0"/>
      <line num="120" count="1" type="stmt"/>
      <line num="124" count="19" type="stmt"/>
      <line num="127" count="5" type="stmt"/>
      <line num="130" count="1" type="stmt"/>
    </file>
  </project>
</coverage>
