{"/Users/apple/project/git/web/Origin/vue-cli-plugin-ruoyi/ui/fileIO.js": {"path":"/Users/apple/project/git/web/Origin/vue-cli-plugin-ruoyi/ui/fileIO.js","statementMap":{"0":{"start":{"line":1,"column":11},"end":{"line":1,"column":24}},"1":{"start":{"line":3,"column":0},"end":{"line":152,"column":2}},"2":{"start":{"line":4,"column":22},"end":{"line":4,"column":34}},"3":{"start":{"line":5,"column":20},"end":{"line":14,"column":3}},"4":{"start":{"line":15,"column":23},"end":{"line":46,"column":3}},"5":{"start":{"line":17,"column":20},"end":{"line":23,"column":7}},"6":{"start":{"line":24,"column":6},"end":{"line":43,"column":7}},"7":{"start":{"line":25,"column":8},"end":{"line":31,"column":11}},"8":{"start":{"line":32,"column":13},"end":{"line":43,"column":7}},"9":{"start":{"line":33,"column":8},"end":{"line":40,"column":11}},"10":{"start":{"line":42,"column":8},"end":{"line":42,"column":52}},"11":{"start":{"line":44,"column":6},"end":{"line":44,"column":21}},"12":{"start":{"line":48,"column":21},"end":{"line":48,"column":39}},"13":{"start":{"line":49,"column":22},"end":{"line":82,"column":3}},"14":{"start":{"line":84,"column":2},"end":{"line":90,"column":5}},"15":{"start":{"line":89,"column":4},"end":{"line":89,"column":54}},"16":{"start":{"line":91,"column":44},"end":{"line":116,"column":3}},"17":{"start":{"line":93,"column":16},"end":{"line":93,"column":18}},"18":{"start":{"line":94,"column":15},"end":{"line":94,"column":17}},"19":{"start":{"line":95,"column":6},"end":{"line":113,"column":11}},"20":{"start":{"line":97,"column":23},"end":{"line":97,"column":26}},"21":{"start":{"line":99,"column":21},"end":{"line":99,"column":37}},"22":{"start":{"line":100,"column":10},"end":{"line":112,"column":11}},"23":{"start":{"line":101,"column":12},"end":{"line":101,"column":34}},"24":{"start":{"line":101,"column":22},"end":{"line":101,"column":34}},"25":{"start":{"line":102,"column":12},"end":{"line":102,"column":28}},"26":{"start":{"line":104,"column":23},"end":{"line":104,"column":39}},"27":{"start":{"line":105,"column":12},"end":{"line":110,"column":17}},"28":{"start":{"line":106,"column":14},"end":{"line":110,"column":17}},"29":{"start":{"line":111,"column":12},"end":{"line":111,"column":22}},"30":{"start":{"line":114,"column":6},"end":{"line":114,"column":17}},"31":{"start":{"line":117,"column":47},"end":{"line":134,"column":4}},"32":{"start":{"line":123,"column":4},"end":{"line":125,"column":40}},"33":{"start":{"line":123,"column":17},"end":{"line":123,"column":39}},"34":{"start":{"line":124,"column":9},"end":{"line":125,"column":40}},"35":{"start":{"line":124,"column":22},"end":{"line":124,"column":43}},"36":{"start":{"line":125,"column":9},"end":{"line":125,"column":40}},"37":{"start":{"line":125,"column":22},"end":{"line":125,"column":40}},"38":{"start":{"line":126,"column":4},"end":{"line":133,"column":8}},"39":{"start":{"line":126,"column":30},"end":{"line":133,"column":5}},"40":{"start":{"line":136,"column":2},"end":{"line":151,"column":4}},"41":{"start":{"line":154,"column":0},"end":{"line":177,"column":2}},"42":{"start":{"line":155,"column":17},"end":{"line":155,"column":19}},"43":{"start":{"line":156,"column":2},"end":{"line":161,"column":5}},"44":{"start":{"line":157,"column":4},"end":{"line":159,"column":5}},"45":{"start":{"line":158,"column":6},"end":{"line":158,"column":32}},"46":{"start":{"line":160,"column":4},"end":{"line":160,"column":59}},"47":{"start":{"line":162,"column":2},"end":{"line":173,"column":5}},"48":{"start":{"line":167,"column":20},"end":{"line":167,"column":26}},"49":{"start":{"line":168,"column":4},"end":{"line":171,"column":7}},"50":{"start":{"line":169,"column":16},"end":{"line":169,"column":57}},"51":{"start":{"line":170,"column":6},"end":{"line":170,"column":54}},"52":{"start":{"line":172,"column":4},"end":{"line":172,"column":55}},"53":{"start":{"line":175,"column":2},"end":{"line":175,"column":40}},"54":{"start":{"line":176,"column":2},"end":{"line":176,"column":50}}},"fnMap":{"0":{"name":"(anonymous_0)","decl":{"start":{"line":3,"column":28},"end":{"line":3,"column":29}},"loc":{"start":{"line":3,"column":47},"end":{"line":152,"column":1}},"line":3},"1":{"name":"(anonymous_1)","decl":{"start":{"line":16,"column":4},"end":{"line":16,"column":5}},"loc":{"start":{"line":16,"column":29},"end":{"line":45,"column":5}},"line":16},"2":{"name":"(anonymous_2)","decl":{"start":{"line":88,"column":8},"end":{"line":88,"column":9}},"loc":{"start":{"line":88,"column":18},"end":{"line":90,"column":3}},"line":88},"3":{"name":"(anonymous_3)","decl":{"start":{"line":92,"column":4},"end":{"line":92,"column":5}},"loc":{"start":{"line":92,"column":16},"end":{"line":115,"column":5}},"line":92},"4":{"name":"(anonymous_4)","decl":{"start":{"line":97,"column":16},"end":{"line":97,"column":17}},"loc":{"start":{"line":97,"column":23},"end":{"line":97,"column":26}},"line":97},"5":{"name":"(anonymous_5)","decl":{"start":{"line":98,"column":17},"end":{"line":98,"column":18}},"loc":{"start":{"line":98,"column":24},"end":{"line":113,"column":9}},"line":98},"6":{"name":"(anonymous_6)","decl":{"start":{"line":121,"column":8},"end":{"line":121,"column":9}},"loc":{"start":{"line":121,"column":23},"end":{"line":134,"column":3}},"line":121},"7":{"name":"(anonymous_7)","decl":{"start":{"line":126,"column":22},"end":{"line":126,"column":23}},"loc":{"start":{"line":126,"column":30},"end":{"line":133,"column":5}},"line":126},"8":{"name":"(anonymous_8)","decl":{"start":{"line":154,"column":29},"end":{"line":154,"column":30}},"loc":{"start":{"line":154,"column":56},"end":{"line":177,"column":1}},"line":154},"9":{"name":"(anonymous_9)","decl":{"start":{"line":156,"column":18},"end":{"line":156,"column":19}},"loc":{"start":{"line":156,"column":30},"end":{"line":161,"column":3}},"line":156},"10":{"name":"(anonymous_10)","decl":{"start":{"line":166,"column":12},"end":{"line":166,"column":13}},"loc":{"start":{"line":166,"column":32},"end":{"line":173,"column":3}},"line":166},"11":{"name":"(anonymous_11)","decl":{"start":{"line":168,"column":41},"end":{"line":168,"column":42}},"loc":{"start":{"line":168,"column":59},"end":{"line":171,"column":5}},"line":168}},"branchMap":{"0":{"loc":{"start":{"line":24,"column":6},"end":{"line":43,"column":7}},"type":"if","locations":[{"start":{"line":24,"column":6},"end":{"line":43,"column":7}},{"start":{"line":32,"column":13},"end":{"line":43,"column":7}}],"line":24},"1":{"loc":{"start":{"line":32,"column":13},"end":{"line":43,"column":7}},"type":"if","locations":[{"start":{"line":32,"column":13},"end":{"line":43,"column":7}},{"start":{"line":41,"column":13},"end":{"line":43,"column":7}}],"line":32},"2":{"loc":{"start":{"line":100,"column":10},"end":{"line":112,"column":11}},"type":"if","locations":[{"start":{"line":100,"column":10},"end":{"line":112,"column":11}},{"start":{"line":103,"column":17},"end":{"line":112,"column":11}}],"line":100},"3":{"loc":{"start":{"line":101,"column":12},"end":{"line":101,"column":34}},"type":"if","locations":[{"start":{"line":101,"column":12},"end":{"line":101,"column":34}},{"start":{},"end":{}}],"line":101},"4":{"loc":{"start":{"line":105,"column":12},"end":{"line":110,"column":17}},"type":"if","locations":[{"start":{"line":105,"column":12},"end":{"line":110,"column":17}},{"start":{},"end":{}}],"line":105},"5":{"loc":{"start":{"line":123,"column":4},"end":{"line":125,"column":40}},"type":"if","locations":[{"start":{"line":123,"column":4},"end":{"line":125,"column":40}},{"start":{"line":124,"column":9},"end":{"line":125,"column":40}}],"line":123},"6":{"loc":{"start":{"line":124,"column":9},"end":{"line":125,"column":40}},"type":"if","locations":[{"start":{"line":124,"column":9},"end":{"line":125,"column":40}},{"start":{"line":125,"column":9},"end":{"line":125,"column":40}}],"line":124},"7":{"loc":{"start":{"line":125,"column":9},"end":{"line":125,"column":40}},"type":"if","locations":[{"start":{"line":125,"column":9},"end":{"line":125,"column":40}},{"start":{},"end":{}}],"line":125},"8":{"loc":{"start":{"line":157,"column":4},"end":{"line":159,"column":5}},"type":"if","locations":[{"start":{"line":157,"column":4},"end":{"line":159,"column":5}},{"start":{},"end":{}}],"line":157}},"s":{"0":2,"1":2,"2":1,"3":1,"4":1,"5":0,"6":0,"7":0,"8":0,"9":0,"10":0,"11":0,"12":1,"13":1,"14":1,"15":3,"16":1,"17":3,"18":3,"19":3,"20":47,"21":31,"22":31,"23":15,"24":0,"25":15,"26":16,"27":16,"28":16,"29":16,"30":3,"31":1,"32":3,"33":1,"34":2,"35":1,"36":1,"37":1,"38":3,"39":16,"40":1,"41":2,"42":1,"43":1,"44":20,"45":4,"46":20,"47":1,"48":3,"49":3,"50":16,"51":16,"52":3,"53":1,"54":1},"f":{"0":1,"1":0,"2":3,"3":3,"4":47,"5":31,"6":3,"7":16,"8":1,"9":20,"10":3,"11":16},"b":{"0":[0,0],"1":[0,0],"2":[15,16],"3":[0,15],"4":[16,0],"5":[1,2],"6":[1,1],"7":[1,0],"8":[4,16]},"inputSourceMap":null,"_coverageSchema":"1a1c01bbd47fc00a2c39e90264f33305004495a9","hash":"de694ab43d07d309b395fcf5bbbc6bf3ecfc5d44"}
,"/Users/apple/project/git/web/Origin/vue-cli-plugin-ruoyi/ui/index.js": {"path":"/Users/apple/project/git/web/Origin/vue-cli-plugin-ruoyi/ui/index.js","statementMap":{"0":{"start":{"line":1,"column":36},"end":{"line":1,"column":58}},"1":{"start":{"line":2,"column":22},"end":{"line":2,"column":46}},"2":{"start":{"line":3,"column":13},"end":{"line":3,"column":28}},"3":{"start":{"line":5,"column":0},"end":{"line":40,"column":2}},"4":{"start":{"line":6,"column":18},"end":{"line":6,"column":63}},"5":{"start":{"line":8,"column":2},"end":{"line":8,"column":54}},"6":{"start":{"line":10,"column":2},"end":{"line":27,"column":5}},"7":{"start":{"line":29,"column":2},"end":{"line":32,"column":5}},"8":{"start":{"line":34,"column":2},"end":{"line":39,"column":5}}},"fnMap":{"0":{"name":"(anonymous_0)","decl":{"start":{"line":5,"column":17},"end":{"line":5,"column":18}},"loc":{"start":{"line":5,"column":26},"end":{"line":40,"column":1}},"line":5}},"branchMap":{},"s":{"0":1,"1":1,"2":1,"3":1,"4":1,"5":1,"6":1,"7":1,"8":1},"f":{"0":1},"b":{},"inputSourceMap":null,"_coverageSchema":"1a1c01bbd47fc00a2c39e90264f33305004495a9","hash":"e6a44f817b3c1a8a29539d0ceedc686e1ee1166b"}
,"/Users/apple/project/git/web/Origin/vue-cli-plugin-ruoyi/ui/parseAST.js": {"path":"/Users/apple/project/git/web/Origin/vue-cli-plugin-ruoyi/ui/parseAST.js","statementMap":{"0":{"start":{"line":1,"column":11},"end":{"line":1,"column":24}},"1":{"start":{"line":2,"column":19},"end":{"line":2,"column":35}},"2":{"start":{"line":9,"column":2},"end":{"line":11,"column":3}},"3":{"start":{"line":10,"column":4},"end":{"line":10,"column":47}},"4":{"start":{"line":15,"column":19},"end":{"line":15,"column":33}},"5":{"start":{"line":16,"column":15},"end":{"line":16,"column":17}},"6":{"start":{"line":17,"column":2},"end":{"line":41,"column":5}},"7":{"start":{"line":18,"column":15},"end":{"line":18,"column":25}},"8":{"start":{"line":19,"column":15},"end":{"line":19,"column":27}},"9":{"start":{"line":20,"column":4},"end":{"line":40,"column":5}},"10":{"start":{"line":22,"column":6},"end":{"line":22,"column":35}},"11":{"start":{"line":23,"column":11},"end":{"line":40,"column":5}},"12":{"start":{"line":25,"column":6},"end":{"line":25,"column":49}},"13":{"start":{"line":26,"column":11},"end":{"line":40,"column":5}},"14":{"start":{"line":28,"column":6},"end":{"line":28,"column":34}},"15":{"start":{"line":29,"column":11},"end":{"line":40,"column":5}},"16":{"start":{"line":30,"column":36},"end":{"line":30,"column":43}},"17":{"start":{"line":31,"column":6},"end":{"line":31,"column":24}},"18":{"start":{"line":32,"column":6},"end":{"line":37,"column":11}},"19":{"start":{"line":33,"column":24},"end":{"line":33,"column":41}},"20":{"start":{"line":35,"column":10},"end":{"line":35,"column":69}},"21":{"start":{"line":35,"column":39},"end":{"line":35,"column":69}},"22":{"start":{"line":36,"column":10},"end":{"line":36,"column":72}},"23":{"start":{"line":36,"column":44},"end":{"line":36,"column":72}},"24":{"start":{"line":38,"column":11},"end":{"line":40,"column":5}},"25":{"start":{"line":39,"column":6},"end":{"line":39,"column":73}},"26":{"start":{"line":42,"column":2},"end":{"line":42,"column":16}},"27":{"start":{"line":46,"column":2},"end":{"line":81,"column":3}},"28":{"start":{"line":48,"column":4},"end":{"line":51,"column":5}},"29":{"start":{"line":49,"column":6},"end":{"line":49,"column":31}},"30":{"start":{"line":50,"column":6},"end":{"line":50,"column":33}},"31":{"start":{"line":52,"column":4},"end":{"line":55,"column":5}},"32":{"start":{"line":53,"column":6},"end":{"line":53,"column":36}},"33":{"start":{"line":54,"column":6},"end":{"line":54,"column":38}},"34":{"start":{"line":57,"column":4},"end":{"line":57,"column":36}},"35":{"start":{"line":58,"column":4},"end":{"line":58,"column":27}},"36":{"start":{"line":59,"column":4},"end":{"line":59,"column":51}},"37":{"start":{"line":59,"column":43},"end":{"line":59,"column":49}},"38":{"start":{"line":60,"column":4},"end":{"line":66,"column":5}},"39":{"start":{"line":61,"column":6},"end":{"line":65,"column":7}},"40":{"start":{"line":62,"column":8},"end":{"line":62,"column":43}},"41":{"start":{"line":63,"column":8},"end":{"line":63,"column":33}},"42":{"start":{"line":64,"column":8},"end":{"line":64,"column":14}},"43":{"start":{"line":67,"column":4},"end":{"line":71,"column":7}},"44":{"start":{"line":68,"column":6},"end":{"line":70,"column":7}},"45":{"start":{"line":69,"column":8},"end":{"line":69,"column":73}},"46":{"start":{"line":73,"column":4},"end":{"line":76,"column":7}},"47":{"start":{"line":74,"column":6},"end":{"line":75,"column":41}},"48":{"start":{"line":75,"column":8},"end":{"line":75,"column":41}},"49":{"start":{"line":78,"column":4},"end":{"line":78,"column":26}},"50":{"start":{"line":80,"column":4},"end":{"line":80,"column":21}},"51":{"start":{"line":85,"column":15},"end":{"line":85,"column":17}},"52":{"start":{"line":86,"column":2},"end":{"line":126,"column":5}},"53":{"start":{"line":87,"column":16},"end":{"line":87,"column":30}},"54":{"start":{"line":88,"column":15},"end":{"line":88,"column":33}},"55":{"start":{"line":89,"column":4},"end":{"line":125,"column":5}},"56":{"start":{"line":90,"column":6},"end":{"line":90,"column":35}},"57":{"start":{"line":92,"column":19},"end":{"line":92,"column":50}},"58":{"start":{"line":93,"column":6},"end":{"line":93,"column":23}},"59":{"start":{"line":94,"column":6},"end":{"line":94,"column":22}},"60":{"start":{"line":95,"column":16},"end":{"line":100,"column":8}},"61":{"start":{"line":101,"column":6},"end":{"line":101,"column":42}},"62":{"start":{"line":102,"column":6},"end":{"line":123,"column":9}},"63":{"start":{"line":103,"column":8},"end":{"line":122,"column":9}},"64":{"start":{"line":104,"column":10},"end":{"line":115,"column":12}},"65":{"start":{"line":116,"column":10},"end":{"line":118,"column":11}},"66":{"start":{"line":117,"column":12},"end":{"line":117,"column":54}},"67":{"start":{"line":119,"column":10},"end":{"line":121,"column":11}},"68":{"start":{"line":120,"column":12},"end":{"line":120,"column":67}},"69":{"start":{"line":124,"column":6},"end":{"line":124,"column":29}},"70":{"start":{"line":127,"column":2},"end":{"line":127,"column":16}},"71":{"start":{"line":130,"column":0},"end":{"line":130,"column":37}}},"fnMap":{"0":{"name":"handleComment","decl":{"start":{"line":8,"column":9},"end":{"line":8,"column":22}},"loc":{"start":{"line":8,"column":60},"end":{"line":12,"column":1}},"line":8},"1":{"name":"walkObject","decl":{"start":{"line":14,"column":9},"end":{"line":14,"column":19}},"loc":{"start":{"line":14,"column":33},"end":{"line":43,"column":1}},"line":14},"2":{"name":"(anonymous_2)","decl":{"start":{"line":17,"column":21},"end":{"line":17,"column":22}},"loc":{"start":{"line":17,"column":28},"end":{"line":41,"column":3}},"line":17},"3":{"name":"(anonymous_3)","decl":{"start":{"line":33,"column":14},"end":{"line":33,"column":15}},"loc":{"start":{"line":33,"column":24},"end":{"line":33,"column":41}},"line":33},"4":{"name":"(anonymous_4)","decl":{"start":{"line":34,"column":17},"end":{"line":34,"column":18}},"loc":{"start":{"line":34,"column":24},"end":{"line":37,"column":9}},"line":34},"5":{"name":"walkFn","decl":{"start":{"line":45,"column":9},"end":{"line":45,"column":15}},"loc":{"start":{"line":45,"column":36},"end":{"line":82,"column":1}},"line":45},"6":{"name":"(anonymous_6)","decl":{"start":{"line":59,"column":36},"end":{"line":59,"column":37}},"loc":{"start":{"line":59,"column":43},"end":{"line":59,"column":49}},"line":59},"7":{"name":"(anonymous_7)","decl":{"start":{"line":67,"column":22},"end":{"line":67,"column":23}},"loc":{"start":{"line":67,"column":29},"end":{"line":71,"column":5}},"line":67},"8":{"name":"(anonymous_8)","decl":{"start":{"line":73,"column":42},"end":{"line":73,"column":43}},"loc":{"start":{"line":73,"column":49},"end":{"line":76,"column":5}},"line":73},"9":{"name":"getSource","decl":{"start":{"line":84,"column":9},"end":{"line":84,"column":18}},"loc":{"start":{"line":84,"column":25},"end":{"line":128,"column":1}},"line":84},"10":{"name":"(anonymous_10)","decl":{"start":{"line":86,"column":31},"end":{"line":86,"column":32}},"loc":{"start":{"line":86,"column":38},"end":{"line":126,"column":3}},"line":86},"11":{"name":"(anonymous_11)","decl":{"start":{"line":102,"column":23},"end":{"line":102,"column":24}},"loc":{"start":{"line":102,"column":30},"end":{"line":123,"column":7}},"line":102}},"branchMap":{"0":{"loc":{"start":{"line":9,"column":2},"end":{"line":11,"column":3}},"type":"if","locations":[{"start":{"line":9,"column":2},"end":{"line":11,"column":3}},{"start":{},"end":{}}],"line":9},"1":{"loc":{"start":{"line":20,"column":4},"end":{"line":40,"column":5}},"type":"if","locations":[{"start":{"line":20,"column":4},"end":{"line":40,"column":5}},{"start":{"line":23,"column":11},"end":{"line":40,"column":5}}],"line":20},"2":{"loc":{"start":{"line":23,"column":11},"end":{"line":40,"column":5}},"type":"if","locations":[{"start":{"line":23,"column":11},"end":{"line":40,"column":5}},{"start":{"line":26,"column":11},"end":{"line":40,"column":5}}],"line":23},"3":{"loc":{"start":{"line":26,"column":11},"end":{"line":40,"column":5}},"type":"if","locations":[{"start":{"line":26,"column":11},"end":{"line":40,"column":5}},{"start":{"line":29,"column":11},"end":{"line":40,"column":5}}],"line":26},"4":{"loc":{"start":{"line":29,"column":11},"end":{"line":40,"column":5}},"type":"if","locations":[{"start":{"line":29,"column":11},"end":{"line":40,"column":5}},{"start":{"line":38,"column":11},"end":{"line":40,"column":5}}],"line":29},"5":{"loc":{"start":{"line":35,"column":10},"end":{"line":35,"column":69}},"type":"if","locations":[{"start":{"line":35,"column":10},"end":{"line":35,"column":69}},{"start":{},"end":{}}],"line":35},"6":{"loc":{"start":{"line":36,"column":10},"end":{"line":36,"column":72}},"type":"if","locations":[{"start":{"line":36,"column":10},"end":{"line":36,"column":72}},{"start":{},"end":{}}],"line":36},"7":{"loc":{"start":{"line":38,"column":11},"end":{"line":40,"column":5}},"type":"if","locations":[{"start":{"line":38,"column":11},"end":{"line":40,"column":5}},{"start":{},"end":{}}],"line":38},"8":{"loc":{"start":{"line":48,"column":4},"end":{"line":51,"column":5}},"type":"if","locations":[{"start":{"line":48,"column":4},"end":{"line":51,"column":5}},{"start":{},"end":{}}],"line":48},"9":{"loc":{"start":{"line":52,"column":4},"end":{"line":55,"column":5}},"type":"if","locations":[{"start":{"line":52,"column":4},"end":{"line":55,"column":5}},{"start":{},"end":{}}],"line":52},"10":{"loc":{"start":{"line":61,"column":6},"end":{"line":65,"column":7}},"type":"if","locations":[{"start":{"line":61,"column":6},"end":{"line":65,"column":7}},{"start":{},"end":{}}],"line":61},"11":{"loc":{"start":{"line":68,"column":6},"end":{"line":70,"column":7}},"type":"if","locations":[{"start":{"line":68,"column":6},"end":{"line":70,"column":7}},{"start":{},"end":{}}],"line":68},"12":{"loc":{"start":{"line":74,"column":6},"end":{"line":75,"column":41}},"type":"if","locations":[{"start":{"line":74,"column":6},"end":{"line":75,"column":41}},{"start":{},"end":{}}],"line":74},"13":{"loc":{"start":{"line":74,"column":10},"end":{"line":74,"column":48}},"type":"binary-expr","locations":[{"start":{"line":74,"column":10},"end":{"line":74,"column":17}},{"start":{"line":74,"column":21},"end":{"line":74,"column":48}}],"line":74},"14":{"loc":{"start":{"line":89,"column":4},"end":{"line":125,"column":5}},"type":"if","locations":[{"start":{"line":89,"column":4},"end":{"line":125,"column":5}},{"start":{"line":91,"column":11},"end":{"line":125,"column":5}}],"line":89},"15":{"loc":{"start":{"line":103,"column":8},"end":{"line":122,"column":9}},"type":"if","locations":[{"start":{"line":103,"column":8},"end":{"line":122,"column":9}},{"start":{},"end":{}}],"line":103},"16":{"loc":{"start":{"line":116,"column":10},"end":{"line":118,"column":11}},"type":"if","locations":[{"start":{"line":116,"column":10},"end":{"line":118,"column":11}},{"start":{},"end":{}}],"line":116},"17":{"loc":{"start":{"line":119,"column":10},"end":{"line":121,"column":11}},"type":"if","locations":[{"start":{"line":119,"column":10},"end":{"line":121,"column":11}},{"start":{},"end":{}}],"line":119}},"s":{"0":1,"1":1,"2":105,"3":105,"4":108,"5":108,"6":108,"7":272,"8":272,"9":272,"10":179,"11":93,"12":3,"13":90,"14":55,"15":35,"16":0,"17":0,"18":0,"19":0,"20":0,"21":0,"22":0,"23":0,"24":35,"25":35,"26":108,"27":105,"28":105,"29":104,"30":104,"31":105,"32":1,"33":1,"34":105,"35":105,"36":105,"37":99,"38":105,"39":452,"40":105,"41":105,"42":105,"43":105,"44":112,"45":105,"46":105,"47":315,"48":55,"49":105,"50":0,"51":5,"52":5,"53":23,"54":23,"55":23,"56":4,"57":19,"58":19,"59":19,"60":19,"61":19,"62":19,"63":125,"64":105,"65":105,"66":104,"67":105,"68":1,"69":19,"70":5,"71":1},"f":{"0":105,"1":108,"2":272,"3":0,"4":0,"5":105,"6":99,"7":112,"8":315,"9":5,"10":23,"11":125},"b":{"0":[105,0],"1":[179,93],"2":[3,90],"3":[55,35],"4":[0,35],"5":[0,0],"6":[0,0],"7":[35,0],"8":[104,1],"9":[1,104],"10":[105,347],"11":[105,7],"12":[55,260],"13":[315,315],"14":[4,19],"15":[105,20],"16":[104,1],"17":[1,104]},"inputSourceMap":null,"_coverageSchema":"1a1c01bbd47fc00a2c39e90264f33305004495a9","hash":"ca266a1f898d23d9af76832e26f2a74ad62d259b"}
}
