TN:
SF:ui/fileIO.js
FN:3,(anonymous_0)
FN:16,(anonymous_1)
FN:88,(anonymous_2)
FN:92,(anonymous_3)
FN:97,(anonymous_4)
FN:98,(anonymous_5)
FN:121,(anonymous_6)
FN:126,(anonymous_7)
FN:154,(anonymous_8)
FN:156,(anonymous_9)
FN:166,(anonymous_10)
FN:168,(anonymous_11)
FNF:12
FNH:11
FNDA:1,(anonymous_0)
FNDA:0,(anonymous_1)
FNDA:3,(anonymous_2)
FNDA:3,(anonymous_3)
FNDA:47,(anonymous_4)
FNDA:31,(anonymous_5)
FNDA:3,(anonymous_6)
FNDA:16,(anonymous_7)
FNDA:1,(anonymous_8)
FNDA:20,(anonymous_9)
FNDA:3,(anonymous_10)
FNDA:16,(anonymous_11)
DA:1,2
DA:3,2
DA:4,1
DA:5,1
DA:15,1
DA:17,0
DA:24,0
DA:25,0
DA:32,0
DA:33,0
DA:42,0
DA:44,0
DA:48,1
DA:49,1
DA:84,1
DA:89,3
DA:91,1
DA:93,3
DA:94,3
DA:95,3
DA:97,47
DA:99,31
DA:100,31
DA:101,15
DA:102,15
DA:104,16
DA:105,16
DA:106,16
DA:111,16
DA:114,3
DA:117,1
DA:123,3
DA:124,2
DA:125,1
DA:126,16
DA:136,1
DA:154,2
DA:155,1
DA:156,1
DA:157,20
DA:158,4
DA:160,20
DA:162,1
DA:167,3
DA:168,3
DA:169,16
DA:170,16
DA:172,3
DA:175,1
DA:176,1
LF:50
LH:43
BRDA:24,0,0,0
BRDA:24,0,1,0
BRDA:32,1,0,0
BRDA:32,1,1,0
BRDA:100,2,0,15
BRDA:100,2,1,16
BRDA:101,3,0,0
BRDA:101,3,1,15
BRDA:105,4,0,16
BRDA:105,4,1,0
BRDA:123,5,0,1
BRDA:123,5,1,2
BRDA:124,6,0,1
BRDA:124,6,1,1
BRDA:125,7,0,1
BRDA:125,7,1,0
BRDA:157,8,0,4
BRDA:157,8,1,16
BRF:18
BRH:11
end_of_record
TN:
SF:ui/index.js
FN:5,(anonymous_0)
FNF:1
FNH:1
FNDA:1,(anonymous_0)
DA:1,1
DA:2,1
DA:3,1
DA:5,1
DA:6,1
DA:8,1
DA:10,1
DA:29,1
DA:34,1
LF:9
LH:9
BRF:0
BRH:0
end_of_record
TN:
SF:ui/parseAST.js
FN:8,handleComment
FN:14,walkObject
FN:17,(anonymous_2)
FN:33,(anonymous_3)
FN:34,(anonymous_4)
FN:45,walkFn
FN:59,(anonymous_6)
FN:67,(anonymous_7)
FN:73,(anonymous_8)
FN:84,getSource
FN:86,(anonymous_10)
FN:102,(anonymous_11)
FNF:12
FNH:10
FNDA:105,handleComment
FNDA:108,walkObject
FNDA:272,(anonymous_2)
FNDA:0,(anonymous_3)
FNDA:0,(anonymous_4)
FNDA:105,walkFn
FNDA:99,(anonymous_6)
FNDA:112,(anonymous_7)
FNDA:315,(anonymous_8)
FNDA:5,getSource
FNDA:23,(anonymous_10)
FNDA:125,(anonymous_11)
DA:1,1
DA:2,1
DA:9,105
DA:10,105
DA:15,108
DA:16,108
DA:17,108
DA:18,272
DA:19,272
DA:20,272
DA:22,179
DA:23,93
DA:25,3
DA:26,90
DA:28,55
DA:29,35
DA:30,0
DA:31,0
DA:32,0
DA:33,0
DA:35,0
DA:36,0
DA:38,35
DA:39,35
DA:42,108
DA:46,105
DA:48,105
DA:49,104
DA:50,104
DA:52,105
DA:53,1
DA:54,1
DA:57,105
DA:58,105
DA:59,105
DA:60,105
DA:61,452
DA:62,105
DA:63,105
DA:64,105
DA:67,105
DA:68,112
DA:69,105
DA:73,105
DA:74,315
DA:75,55
DA:78,105
DA:80,0
DA:85,5
DA:86,5
DA:87,23
DA:88,23
DA:89,23
DA:90,4
DA:92,19
DA:93,19
DA:94,19
DA:95,19
DA:101,19
DA:102,19
DA:103,125
DA:104,105
DA:116,105
DA:117,104
DA:119,105
DA:120,1
DA:124,19
DA:127,5
DA:130,1
LF:69
LH:62
BRDA:9,0,0,105
BRDA:9,0,1,0
BRDA:20,1,0,179
BRDA:20,1,1,93
BRDA:23,2,0,3
BRDA:23,2,1,90
BRDA:26,3,0,55
BRDA:26,3,1,35
BRDA:29,4,0,0
BRDA:29,4,1,35
BRDA:35,5,0,0
BRDA:35,5,1,0
BRDA:36,6,0,0
BRDA:36,6,1,0
BRDA:38,7,0,35
BRDA:38,7,1,0
BRDA:48,8,0,104
BRDA:48,8,1,1
BRDA:52,9,0,1
BRDA:52,9,1,104
BRDA:61,10,0,105
BRDA:61,10,1,347
BRDA:68,11,0,105
BRDA:68,11,1,7
BRDA:74,12,0,55
BRDA:74,12,1,260
BRDA:74,13,0,315
BRDA:74,13,1,315
BRDA:89,14,0,4
BRDA:89,14,1,19
BRDA:103,15,0,105
BRDA:103,15,1,20
BRDA:116,16,0,104
BRDA:116,16,1,1
BRDA:119,17,0,1
BRDA:119,17,1,104
BRF:36
BRH:29
end_of_record
